
**** Build of configuration FlashROM_StackLibrary for project simple_peripheral_cc2640r2lp_app ****

"C:\\ti\\ccs1220\\ccs\\utils\\bin\\gmake" -k -j 4 all -O 
 
Building file: "../TOOLS/app_ble.cfg"
Invoking: XDCtools
"C:/ti/xdctools_3_51_03_28_core/xs" --xdcpath="C:/ti/simplelink_cc2640r2_sdk_1_00_00_22/source;C:/ti/simplelink_cc2640r2_sdk_1_00_00_22/kernel/tirtos/packages;C:/ti/simplelink_cc2640r2_sdk_1_00_00_22/source/ti/blestack;" xdc.tools.configuro -o configPkg -t ti.targets.arm.elf.M3 -p ti.platforms.simplelink:CC2640R2F -r release -c "D:/embedded/tools/ti-cgt-arm_18.12.8.LTS" --compileOptions "-mv7M3 --code_state=16 -me -O4 --opt_for_speed=1 --include_path=\"D:/embedded/Code_Composer_Studio/Boot_App/simple_peripheral_cc2640r2lp_app\" --include_path=\"D:/embedded/Code_Composer_Studio/Boot_App/simple_peripheral_cc2640r2lp_app/Application\" --include_path=\"D:/embedded/Code_Composer_Studio/Boot_App/simple_peripheral_cc2640r2lp_app/Startup\" --include_path=\"D:/embedded/Code_Composer_Studio/Boot_App/simple_peripheral_cc2640r2lp_app/PROFILES\" --include_path=\"D:/embedded/Code_Composer_Studio/Boot_App/simple_peripheral_cc2640r2lp_app/Include\" --include_path=\"C:/ti/simplelink_cc2640r2_sdk_1_00_00_22/source/ti/blestack/controller/cc26xx_r2/inc\" --include_path=\"C:/ti/simplelink_cc2640r2_sdk_1_00_00_22/source/ti/blestack/inc\" --include_path=\"C:/ti/simplelink_cc2640r2_sdk_1_00_00_22/source/ti/blestack/rom\" --include_path=\"C:/ti/simplelink_cc2640r2_sdk_1_00_00_22/source/ti/blestack/common/cc26xx\" --include_path=\"C:/ti/simplelink_cc2640r2_sdk_1_00_00_22/examples/rtos/CC2640R2_LAUNCHXL/blestack/simple_peripheral/src/app\" --include_path=\"C:/ti/simplelink_cc2640r2_sdk_1_00_00_22/source/ti/blestack/icall/inc\" --include_path=\"C:/ti/simplelink_cc2640r2_sdk_1_00_00_22/source/ti/blestack/profiles/dev_info\" --include_path=\"C:/ti/simplelink_cc2640r2_sdk_1_00_00_22/source/ti/blestack/profiles/roles/cc26xx\" --include_path=\"C:/ti/simplelink_cc2640r2_sdk_1_00_00_22/source/ti/blestack/profiles/roles\" --include_path=\"C:/ti/simplelink_cc2640r2_sdk_1_00_00_22/source/ti/blestack/profiles/simple_profile/cc26xx\" --include_path=\"C:/ti/simplelink_cc2640r2_sdk_1_00_00_22/source/ti/blestack/profiles/simple_profile\" --include_path=\"C:/ti/simplelink_cc2640r2_sdk_1_00_00_22/source/ti/blestack/target\" --include_path=\"C:/ti/simplelink_cc2640r2_sdk_1_00_00_22/source/ti/blestack/hal/src/target/_common\" --include_path=\"C:/ti/simplelink_cc2640r2_sdk_1_00_00_22/source/ti/blestack/hal/src/target/_common/cc26xx\" --include_path=\"C:/ti/simplelink_cc2640r2_sdk_1_00_00_22/source/ti/blestack/hal/src/inc\" --include_path=\"C:/ti/simplelink_cc2640r2_sdk_1_00_00_22/source/ti/blestack/heapmgr\" --include_path=\"C:/ti/simplelink_cc2640r2_sdk_1_00_00_22/source/ti/blestack/icall/src/inc\" --include_path=\"C:/ti/simplelink_cc2640r2_sdk_1_00_00_22/source/ti/blestack/osal/src/inc\" --include_path=\"C:/ti/simplelink_cc2640r2_sdk_1_00_00_22/source/ti/blestack/services/src/saddr\" --include_path=\"C:/ti/simplelink_cc2640r2_sdk_1_00_00_22/source/ti/blestack/services/src/sdata\" --include_path=\"C:/ti/simplelink_cc2640r2_sdk_1_00_00_22/source/ti/devices/cc26x0r2\" --include_path=\"D:/embedded/tools/ti-cgt-arm_18.12.8.LTS/include\" --define=DeviceFamily_CC26X0R2 --define=BOARD_DISPLAY_USE_LCD=0 --define=BOARD_DISPLAY_USE_UART=1 --define=BOARD_DISPLAY_USE_UART_ANSI=1 --define=CC2640R2_LAUNCHXL --define=CC26XX --define=CC26XX_R2 --define=ICALL_EVENTS --define=ICALL_JT --define=ICALL_LITE --define=ICALL_MAX_NUM_ENTITIES=6 --define=ICALL_MAX_NUM_TASKS=3 --define=ICALL_STACK0_ADDR --define=MAX_NUM_BLE_CONNS=1 --define=POWER_SAVING --define=STACK_LIBRARY --define=USE_ICALL --define=xdc_runtime_Assert_DISABLE_ALL --define=xdc_runtime_Log_DISABLE_ALL -g --c99 --gcc --diag_warning=225 --diag_wrap=off --display_error_number --gen_func_subsections=on --abi=eabi " "../TOOLS/app_ble.cfg"
TOOLS/subdir_rules.mk:12: recipe for target 'build-1287780815-inproc' failed
gmake[1]: *** [build-1287780815-inproc] Error 130
TOOLS/subdir_rules.mk:9: recipe for target 'build-1287780815' failed
gmake: *** [build-1287780815] Error 130

**** Build of configuration FlashROM_StackLibrary for project simple_peripheral_cc2640r2lp_app ****

!CommandLauncher.error.commandCanceled!
Error: Program "C:/ti/ccs1220/ccs/utils/bin/gmake" is not found in PATH

PATH=[C:/ti/ccs1220/ccs/eclipse/jre/bin/server;C:/ti/ccs1220/ccs/eclipse/jre/bin;C:\WinAVR-20100110\bin;C:\WinAVR-20100110\utils\bin;C:\Windows\system32;C:\Windows;C:\Windows\System32\Wbem;C:\Windows\System32\WindowsPowerShell\v1.0\;C:\Windows\System32\OpenSSH\;C:\Program Files (x86)\NVIDIA Corporation\PhysX\Common;C:\Program Files\NVIDIA Corporation\NVIDIA NvDLISR;C:\Program Files\MATLAB\R2016a\runtime\win64;C:\Program Files\MATLAB\R2016a\bin;C:\Program Files\MATLAB\R2016a\polyspace\bin;C:\Program Files\PuTTY\;C:\msys64\mingw64\bin;C:\Program Files\Git\cmd;C:\Program Files\dotnet\;C:\Program Files\dotnet;D:\embedded\Code_Composer_Studio\Boot_App\ble5_simple_peripheral_cc2640r2lp_app\xdctools_3_51_03_28_core\bin;C:\Users\saksh\AppData\Local\Microsoft\WindowsApps;C:\Users\saksh\AppData\Local\GitHubDesktop\bin;C:\Users\saksh\AppData\Local\Programs\Microsoft VS Code\bin;C:\msys64\mingw64\bin;C:\ti\ccs1220\ccs\tools\compiler\gcc-arm-none-eabi-9-2019-q4-major\bin;C:\Users\saksh\.dotnet\tools;C:\ti\ccs1220\ccs\eclipse]

**** Build Finished ****
